<?xml version="1.0" encoding="UTF-8"?>
<!-- Generated by org.testng.reporters.JUnitReportReporter -->
<testsuite hostname="LAPTOP-UQ0PVCHS" failures="0" tests="1" name="test.LoginTest" time="9.728" errors="0" timestamp="29 Aug 2021 00:57:48 GMT" skipped="0">
  <testcase classname="test.LoginTest" name="validTest" time="9.728"/>
</testsuite> <!-- test.LoginTest -->
