<?xml version="1.0" encoding="UTF-8"?>
<!-- Generated by org.testng.reporters.JUnitReportReporter -->
<testsuite hostname="LAPTOP-UQ0PVCHS" failures="0" tests="1" name="test.LoginTest" time="8.345" errors="0" timestamp="28 Aug 2021 22:27:16 GMT" skipped="0">
  <testcase classname="test.LoginTest" name="validTest" time="8.345"/>
</testsuite> <!-- test.LoginTest -->
